- The project is out-of-sync -- use `renv::status()` for details.

Attaching package: ‘dplyr’

The following objects are masked from ‘package:stats’:

    filter, lag

The following objects are masked from ‘package:base’:

    intersect, setdiff, setequal, union


Attaching package: ‘lubridate’

The following objects are masked from ‘package:base’:

    date, intersect, setdiff, union


Attaching package: ‘scales’

The following object is masked from ‘package:readr’:

    col_factor


Attaching package: ‘plotly’

The following object is masked from ‘package:ggplot2’:

    last_plot

The following object is masked from ‘package:stats’:

    filter

The following object is masked from ‘package:graphics’:

    layout

Data root: data
Extract resolutions: y m d
Delete ZIPs after extraction: TRUE
Site filter: none (all sites)
Snapshot mode: development
Warning message:
In check_pipeline_config() :
  fluxnet-shuttle does not appear to be installed. It will be installed automatically on the first call to flux_listall().
Building Section 1 — Annual time series (YY) ...
Building Section 2 — Monthly climatology (MM) ...
Building Section 3 — Daily climatology (DD) ...
  Loading DD data (lazy) ...
Warning message:
Use of .data in tidyselect expressions was deprecated in tidyselect 1.2.0.
ℹ Please use `"igbp"` instead of `.data$igbp` 
Building Section 8 — Network growth (cumulative) ...
Review figure saved: review/figures/fig_network_growth.png
Building Section 9 — Network growth (annual new sites) ...
Review figure saved: review/figures/fig_network_growth_annual.png
Building Section 10 — Country site-count choropleth ...
Review figure saved: review/figures/fig_map_country_sites.png
Building Section 4 — Whittaker biome snapshots ...
Building Section 5 — Latitudinal multi-variable ribbon ...
Review figure saved: review/figures/fig_latitudinal_multi.png
Warning messages:
1: Removed 11 rows containing missing values or values outside the scale range
(`geom_point()`). 
2: Removed 12 rows containing missing values or values outside the scale range
(`geom_point()`). 
3: Removed 13 rows containing missing values or values outside the scale range
(`geom_point()`). 
4: Removed 11 rows containing missing values or values outside the scale range
(`geom_point()`). 
5: Removed 12 rows containing missing values or values outside the scale range
(`geom_point()`). 
6: Removed 13 rows containing missing values or values outside the scale range
(`geom_point()`). 
Building Section 6 — Environmental response curves ...
Building Section 7 — Long-record annual time series by continent ...
Reading snapshot: data/snapshots/fluxnet_shuttle_snapshot_20260414T154430.csv
Long-record site list written: data/snapshots/long_record_sites.csv

--- Top 5 sites per continent by record span ---
 site_id continent first_year last_year span igbp
  SN-Dhr    Africa       2010      2022   12  GRA
  BJ-Nhu    Africa       2008      2017    9  SAV
  BJ-Bfg    Africa       2008      2017    9  DBF
  KE-Kpt    Africa       2018      2024    6  GRA
  SN-Nkr    Africa       2018      2024    6  CRO
  US-Ha1  Americas       1991      2025   34  DBF
  US-NR1  Americas       1998      2025   27  ENF
  US-Ho2  Americas       1999      2025   26  ENF
  US-WCr  Americas       1999      2025   26  DBF
  US-Los  Americas       2000      2025   25  WET
  IL-Yat      Asia       2000      2024   24  ENF
  JP-Yms      Asia       2000      2023   23  DBF
  JP-Tak      Asia       1998      2021   23  DBF
  JP-Tef      Asia       2001      2023   22  DNF
  JP-Api      Asia       2000      2022   22  DBF
  DK-Sor    Europe       1996      2024   28  DBF
  DE-Tha    Europe       1996      2024   28  ENF
  BE-Vie    Europe       1996      2024   28   MF
  NL-Loo    Europe       1997      2024   27  ENF
  FR-Hes    Europe       1997      2024   27  DBF
  AU-How   Oceania       2002      2025   23  WSA
  AU-Tum   Oceania       2002      2022   20  EBF
  AU-DaS   Oceania       2007      2025   18  WSA
  AU-Stp   Oceania       2008      2025   17  GRA
  AU-Dry   Oceania       2009      2025   16  WSA

Review figure saved: review/figures/fig_timeseries_africa.png
Review figure saved: review/figures/fig_timeseries_americas.png
Review figure saved: review/figures/fig_timeseries_asia.png
Review figure saved: review/figures/fig_timeseries_europe.png
Review figure saved: review/figures/fig_timeseries_oceania.png
Report written: outputs/candidate_figures.html (16647 KB)
Done.
