
Attaching package: ‘dplyr’

The following objects are masked from ‘package:stats’:

    filter, lag

The following objects are masked from ‘package:base’:

    intersect, setdiff, setequal, union

Linking to GEOS 3.13.0, GDAL 3.8.5, PROJ 9.5.1; sf_use_s2() is TRUE
virtualenv: fluxnet_annual_2026
fluxnet-shuttle version OK: 0.3.7
Data root: data
Extract resolutions: y m d
Delete ZIPs after extraction: TRUE
Site filter: none (all sites)
Snapshot mode: development
Using snapshot: data/snapshots/fluxnet_shuttle_snapshot_20260601T224043.csv

Computing shared scale breaks from all 7 distinct datasets...
Spherical geometry (s2) switched off
although coordinates are longitude/latitude, st_union assumes that they are
planar
although coordinates are longitude/latitude, st_union assumes that they are
planar
although coordinates are longitude/latitude, st_union assumes that they are
planar
although coordinates are longitude/latitude, st_union assumes that they are
planar
although coordinates are longitude/latitude, st_union assumes that they are
planar
although coordinates are longitude/latitude, st_union assumes that they are
planar
although coordinates are longitude/latitude, st_union assumes that they are
planar
although coordinates are longitude/latitude, st_union assumes that they are
planar
although coordinates are longitude/latitude, st_union assumes that they are
planar
although coordinates are longitude/latitude, st_union assumes that they are
planar
although coordinates are longitude/latitude, st_union assumes that they are
planar
although coordinates are longitude/latitude, st_union assumes that they are
planar
although coordinates are longitude/latitude, st_union assumes that they are
planar
although coordinates are longitude/latitude, st_union assumes that they are
planar
although coordinates are longitude/latitude, st_union assumes that they are
planar
although coordinates are longitude/latitude, st_union assumes that they are
planar
although coordinates are longitude/latitude, st_union assumes that they are
planar
although coordinates are longitude/latitude, st_intersects assumes that they
are planar
although coordinates are longitude/latitude, st_intersects assumes that they
are planar
although coordinates are longitude/latitude, st_nearest_feature assumes that
they are planar
although coordinates are longitude/latitude, st_intersects assumes that they
are planar
although coordinates are longitude/latitude, st_intersects assumes that they
are planar
although coordinates are longitude/latitude, st_intersects assumes that they
are planar
although coordinates are longitude/latitude, st_intersects assumes that they
are planar
although coordinates are longitude/latitude, st_nearest_feature assumes that
they are planar
although coordinates are longitude/latitude, st_intersects assumes that they
are planar
although coordinates are longitude/latitude, st_intersects assumes that they
are planar
although coordinates are longitude/latitude, st_nearest_feature assumes that
they are planar
although coordinates are longitude/latitude, st_intersects assumes that they
are planar
although coordinates are longitude/latitude, st_intersects assumes that they
are planar
although coordinates are longitude/latitude, st_intersects assumes that they
are planar
although coordinates are longitude/latitude, st_intersects assumes that they
are planar
although coordinates are longitude/latitude, st_intersects assumes that they
are planar
although coordinates are longitude/latitude, st_intersects assumes that they
are planar
although coordinates are longitude/latitude, st_nearest_feature assumes that
they are planar
Shared scale breaks: 0, 5, 15, 30, 45, 89

── Map01: FLUXNET Shuttle 2025 ──
although coordinates are longitude/latitude, st_union assumes that they are
planar
although coordinates are longitude/latitude, st_union assumes that they are
planar
although coordinates are longitude/latitude, st_union assumes that they are
planar
although coordinates are longitude/latitude, st_union assumes that they are
planar
although coordinates are longitude/latitude, st_union assumes that they are
planar
although coordinates are longitude/latitude, st_union assumes that they are
planar
although coordinates are longitude/latitude, st_union assumes that they are
planar
although coordinates are longitude/latitude, st_union assumes that they are
planar
although coordinates are longitude/latitude, st_union assumes that they are
planar
although coordinates are longitude/latitude, st_union assumes that they are
planar
although coordinates are longitude/latitude, st_union assumes that they are
planar
although coordinates are longitude/latitude, st_union assumes that they are
planar
although coordinates are longitude/latitude, st_union assumes that they are
planar
although coordinates are longitude/latitude, st_union assumes that they are
planar
although coordinates are longitude/latitude, st_union assumes that they are
planar
although coordinates are longitude/latitude, st_union assumes that they are
planar
although coordinates are longitude/latitude, st_union assumes that they are
planar
although coordinates are longitude/latitude, st_intersects assumes that they
are planar
although coordinates are longitude/latitude, st_intersects assumes that they
are planar
although coordinates are longitude/latitude, st_nearest_feature assumes that
they are planar
Saved: review/figures/maps/fig_map01_ShuttleFull.png

── Map02: Marconi 2000 ──
although coordinates are longitude/latitude, st_union assumes that they are
planar
although coordinates are longitude/latitude, st_union assumes that they are
planar
although coordinates are longitude/latitude, st_union assumes that they are
planar
although coordinates are longitude/latitude, st_union assumes that they are
planar
although coordinates are longitude/latitude, st_union assumes that they are
planar
although coordinates are longitude/latitude, st_union assumes that they are
planar
although coordinates are longitude/latitude, st_union assumes that they are
planar
although coordinates are longitude/latitude, st_union assumes that they are
planar
although coordinates are longitude/latitude, st_union assumes that they are
planar
although coordinates are longitude/latitude, st_union assumes that they are
planar
although coordinates are longitude/latitude, st_union assumes that they are
planar
although coordinates are longitude/latitude, st_union assumes that they are
planar
although coordinates are longitude/latitude, st_union assumes that they are
planar
although coordinates are longitude/latitude, st_union assumes that they are
planar
although coordinates are longitude/latitude, st_union assumes that they are
planar
although coordinates are longitude/latitude, st_union assumes that they are
planar
although coordinates are longitude/latitude, st_union assumes that they are
planar
although coordinates are longitude/latitude, st_intersects assumes that they
are planar
although coordinates are longitude/latitude, st_intersects assumes that they
are planar
Saved: review/figures/maps/fig_map02_Marconi.png

── Map03: La Thuile 2007 ──
although coordinates are longitude/latitude, st_union assumes that they are
planar
although coordinates are longitude/latitude, st_union assumes that they are
planar
although coordinates are longitude/latitude, st_union assumes that they are
planar
although coordinates are longitude/latitude, st_union assumes that they are
planar
although coordinates are longitude/latitude, st_union assumes that they are
planar
although coordinates are longitude/latitude, st_union assumes that they are
planar
although coordinates are longitude/latitude, st_union assumes that they are
planar
although coordinates are longitude/latitude, st_union assumes that they are
planar
although coordinates are longitude/latitude, st_union assumes that they are
planar
although coordinates are longitude/latitude, st_union assumes that they are
planar
although coordinates are longitude/latitude, st_union assumes that they are
planar
although coordinates are longitude/latitude, st_union assumes that they are
planar
although coordinates are longitude/latitude, st_union assumes that they are
planar
although coordinates are longitude/latitude, st_union assumes that they are
planar
although coordinates are longitude/latitude, st_union assumes that they are
planar
although coordinates are longitude/latitude, st_union assumes that they are
planar
although coordinates are longitude/latitude, st_union assumes that they are
planar
although coordinates are longitude/latitude, st_intersects assumes that they
are planar
although coordinates are longitude/latitude, st_intersects assumes that they
are planar
although coordinates are longitude/latitude, st_nearest_feature assumes that
they are planar
Saved: review/figures/maps/fig_map03_LaThuile.png

── Map04: FLUXNET2015 ──
although coordinates are longitude/latitude, st_union assumes that they are
planar
although coordinates are longitude/latitude, st_union assumes that they are
planar
although coordinates are longitude/latitude, st_union assumes that they are
planar
although coordinates are longitude/latitude, st_union assumes that they are
planar
although coordinates are longitude/latitude, st_union assumes that they are
planar
although coordinates are longitude/latitude, st_union assumes that they are
planar
although coordinates are longitude/latitude, st_union assumes that they are
planar
although coordinates are longitude/latitude, st_union assumes that they are
planar
although coordinates are longitude/latitude, st_union assumes that they are
planar
although coordinates are longitude/latitude, st_union assumes that they are
planar
although coordinates are longitude/latitude, st_union assumes that they are
planar
although coordinates are longitude/latitude, st_union assumes that they are
planar
although coordinates are longitude/latitude, st_union assumes that they are
planar
although coordinates are longitude/latitude, st_union assumes that they are
planar
although coordinates are longitude/latitude, st_union assumes that they are
planar
although coordinates are longitude/latitude, st_union assumes that they are
planar
although coordinates are longitude/latitude, st_union assumes that they are
planar
although coordinates are longitude/latitude, st_intersects assumes that they
are planar
although coordinates are longitude/latitude, st_intersects assumes that they
are planar
although coordinates are longitude/latitude, st_nearest_feature assumes that
they are planar
Saved: review/figures/maps/fig_map04_FLUXNET2015.png

── Map05: Shuttle snapshot 2000 ──
although coordinates are longitude/latitude, st_union assumes that they are
planar
although coordinates are longitude/latitude, st_union assumes that they are
planar
although coordinates are longitude/latitude, st_union assumes that they are
planar
although coordinates are longitude/latitude, st_union assumes that they are
planar
although coordinates are longitude/latitude, st_union assumes that they are
planar
although coordinates are longitude/latitude, st_union assumes that they are
planar
although coordinates are longitude/latitude, st_union assumes that they are
planar
although coordinates are longitude/latitude, st_union assumes that they are
planar
although coordinates are longitude/latitude, st_union assumes that they are
planar
although coordinates are longitude/latitude, st_union assumes that they are
planar
although coordinates are longitude/latitude, st_union assumes that they are
planar
although coordinates are longitude/latitude, st_union assumes that they are
planar
although coordinates are longitude/latitude, st_union assumes that they are
planar
although coordinates are longitude/latitude, st_union assumes that they are
planar
although coordinates are longitude/latitude, st_union assumes that they are
planar
although coordinates are longitude/latitude, st_union assumes that they are
planar
although coordinates are longitude/latitude, st_union assumes that they are
planar
although coordinates are longitude/latitude, st_intersects assumes that they
are planar
although coordinates are longitude/latitude, st_intersects assumes that they
are planar
Saved: review/figures/maps/fig_map05_ShuttleSnapshot2000.png

── Map06: Shuttle snapshot 2007 ──
although coordinates are longitude/latitude, st_union assumes that they are
planar
although coordinates are longitude/latitude, st_union assumes that they are
planar
although coordinates are longitude/latitude, st_union assumes that they are
planar
although coordinates are longitude/latitude, st_union assumes that they are
planar
although coordinates are longitude/latitude, st_union assumes that they are
planar
although coordinates are longitude/latitude, st_union assumes that they are
planar
although coordinates are longitude/latitude, st_union assumes that they are
planar
although coordinates are longitude/latitude, st_union assumes that they are
planar
although coordinates are longitude/latitude, st_union assumes that they are
planar
although coordinates are longitude/latitude, st_union assumes that they are
planar
although coordinates are longitude/latitude, st_union assumes that they are
planar
although coordinates are longitude/latitude, st_union assumes that they are
planar
although coordinates are longitude/latitude, st_union assumes that they are
planar
although coordinates are longitude/latitude, st_union assumes that they are
planar
although coordinates are longitude/latitude, st_union assumes that they are
planar
although coordinates are longitude/latitude, st_union assumes that they are
planar
although coordinates are longitude/latitude, st_union assumes that they are
planar
although coordinates are longitude/latitude, st_intersects assumes that they
are planar
although coordinates are longitude/latitude, st_intersects assumes that they
are planar
Saved: review/figures/maps/fig_map06_ShuttleSnapshot2007.png

── Map07: Shuttle snapshot 2015 ──
although coordinates are longitude/latitude, st_union assumes that they are
planar
although coordinates are longitude/latitude, st_union assumes that they are
planar
although coordinates are longitude/latitude, st_union assumes that they are
planar
although coordinates are longitude/latitude, st_union assumes that they are
planar
although coordinates are longitude/latitude, st_union assumes that they are
planar
although coordinates are longitude/latitude, st_union assumes that they are
planar
although coordinates are longitude/latitude, st_union assumes that they are
planar
although coordinates are longitude/latitude, st_union assumes that they are
planar
although coordinates are longitude/latitude, st_union assumes that they are
planar
although coordinates are longitude/latitude, st_union assumes that they are
planar
although coordinates are longitude/latitude, st_union assumes that they are
planar
although coordinates are longitude/latitude, st_union assumes that they are
planar
although coordinates are longitude/latitude, st_union assumes that they are
planar
although coordinates are longitude/latitude, st_union assumes that they are
planar
although coordinates are longitude/latitude, st_union assumes that they are
planar
although coordinates are longitude/latitude, st_union assumes that they are
planar
although coordinates are longitude/latitude, st_union assumes that they are
planar
although coordinates are longitude/latitude, st_intersects assumes that they
are planar
although coordinates are longitude/latitude, st_intersects assumes that they
are planar
although coordinates are longitude/latitude, st_nearest_feature assumes that
they are planar
Saved: review/figures/maps/fig_map07_ShuttleSnapshot2015.png

── Map08: historical datasets stack (Map02/03/04) ──
Saved: review/figures/maps/fig_map08_HistoricalStack.png

── Map09: Shuttle snapshots stack (Map05/06/07) ──
Saved: review/figures/maps/fig_map09_ShuttleSnapshotsStack.png

Done. All 9 map figures generated: Map01-09.
